<?xml version="1.0" encoding="UTF-8"?>
<robot generator="Robot 7.3.1 (Python 3.9.6 on darwin)" generated="2025-07-20T15:20:58.693702" rpa="false" schemaversion="5">
<suite id="s1" name="Context Menu Test" source="/Users/logpoint/Desktop/webapp_automation/tests/context_menu_test.robot">
<test id="s1-t1" name="Verify Context Menu Alert" line="6">
<kw name="Open Context Menu Page" owner="context_menu_page">
<kw name="Open Browser" owner="SeleniumLibrary">
<msg time="2025-07-20T15:20:59.994270" level="INFO">Opening browser 'Chrome' to base url 'https://the-internet.herokuapp.com/context_menu'.</msg>
<arg>${CONTEXT_MENU_URL}</arg>
<arg>${BROWSER}</arg>
<doc>Opens a new browser instance to the optional ``url``.</doc>
<status status="PASS" start="2025-07-20T15:20:59.986998" elapsed="4.388361"/>
</kw>
<kw name="Maximize Browser Window" owner="SeleniumLibrary">
<doc>Maximizes current browser window.</doc>
<status status="PASS" start="2025-07-20T15:21:04.383783" elapsed="2.812510"/>
</kw>
<status status="PASS" start="2025-07-20T15:20:59.964390" elapsed="7.233168"/>
</kw>
<kw name="Trigger Context Menu Using JS" owner="context_menu_page">
<kw name="Execute Javascript" owner="SeleniumLibrary">
<msg time="2025-07-20T15:21:07.206980" level="INFO">Executing JavaScript:
var evt = new MouseEvent('contextmenu', {bubbles: true, cancelable: true, view: window});document.getElementById("hot-spot").dispatchEvent(evt)
Without any arguments.</msg>
<arg>var evt = new MouseEvent('contextmenu', {bubbles: true, cancelable: true, view: window});</arg>
<arg>document.getElementById("hot-spot").dispatchEvent(evt)</arg>
<doc>Executes the given JavaScript code with possible arguments.</doc>
<status status="PASS" start="2025-07-20T15:21:07.201586" elapsed="0.067628"/>
</kw>
<status status="PASS" start="2025-07-20T15:21:07.199415" elapsed="0.070776"/>
</kw>
<kw name="Get Alert Message From Context Menu" owner="context_menu_page">
<kw name="Fetch Alert And Accept" owner="BrowserActions">
<msg time="2025-07-20T15:21:07.317456" level="INFO">${text} = You selected a context menu</msg>
<var>${text}</var>
<status status="PASS" start="2025-07-20T15:21:07.284151" elapsed="0.034834"/>
</kw>
<return>
<value>${text}</value>
<status status="PASS" start="2025-07-20T15:21:07.319988" elapsed="0.001346"/>
</return>
<msg time="2025-07-20T15:21:07.322770" level="INFO">${text} = You selected a context menu</msg>
<var>${text}</var>
<status status="PASS" start="2025-07-20T15:21:07.281244" elapsed="0.044016"/>
</kw>
<kw name="Should Be Equal" owner="BuiltIn">
<arg>${text}</arg>
<arg>You selected a context menu</arg>
<doc>Fails if the given objects are unequal.</doc>
<status status="PASS" start="2025-07-20T15:21:07.331056" elapsed="0.006896"/>
</kw>
<kw name="Close Browser Window" owner="context_menu_page">
<kw name="Close Browser" owner="SeleniumLibrary">
<doc>Closes the current browser.</doc>
<status status="PASS" start="2025-07-20T15:21:07.345794" elapsed="0.280259"/>
</kw>
<status status="PASS" start="2025-07-20T15:21:07.339658" elapsed="0.287391"/>
</kw>
<status status="PASS" start="2025-07-20T15:20:59.950723" elapsed="7.679606"/>
</test>
<status status="PASS" start="2025-07-20T15:20:58.715418" elapsed="8.934734"/>
</suite>
<statistics>
<total>
<stat pass="1" fail="0" skip="0">All Tests</stat>
</total>
<tag>
</tag>
<suite>
<stat name="Context Menu Test" id="s1" pass="1" fail="0" skip="0">Context Menu Test</stat>
</suite>
</statistics>
<errors>
<msg time="2025-07-20T15:20:59.040738" level="WARN">Error in file '/Users/logpoint/Desktop/webapp_automation/pages/context_menu_page.robot' on line 18: The '[Return]' setting is deprecated. Use the 'RETURN' statement instead.</msg>
</errors>
</robot>
